Performing C SOURCE FILE Test FEATURE_ssse3_NOFLAG failed with the following output:
Change Dir: /home/tiago/Documentos/minerar/xmrig/build/CMakeFiles/CMakeTmp

Run Build Command(s):/usr/bin/make cmTC_d4809/fast && /usr/bin/make -f CMakeFiles/cmTC_d4809.dir/build.make CMakeFiles/cmTC_d4809.dir/build
make[1]: Entrando no diretório '/home/tiago/Documentos/minerar/xmrig/build/CMakeFiles/CMakeTmp'
Building C object CMakeFiles/cmTC_d4809.dir/src.c.o
/usr/bin/gcc-7   -Wall -Wno-strict-aliasing -maes -DFEATURE_ssse3_NOFLAG   -o CMakeFiles/cmTC_d4809.dir/src.c.o   -c /home/tiago/Documentos/minerar/xmrig/build/CMakeFiles/CMakeTmp/src.c
In file included from /usr/lib/gcc/x86_64-linux-gnu/7/include/x86intrin.h:39:0,
                 from /home/tiago/Documentos/minerar/xmrig/build/CMakeFiles/CMakeTmp/src.c:1:
/home/tiago/Documentos/minerar/xmrig/build/CMakeFiles/CMakeTmp/src.c: In function ‘function_ssse3’:
/usr/lib/gcc/x86_64-linux-gnu/7/include/tmmintrin.h:136:1: error: inlining failed in call to always_inline ‘_mm_shuffle_epi8’: target specific option mismatch
 _mm_shuffle_epi8 (__m128i __X, __m128i __Y)
 ^~~~~~~~~~~~~~~~
/home/tiago/Documentos/minerar/xmrig/build/CMakeFiles/CMakeTmp/src.c:5:12: note: called from here
     *dst = _mm_shuffle_epi8(*a, *b);
            ^~~~~~~~~~~~~~~~~~~~~~~~
make[1]: *** [CMakeFiles/cmTC_d4809.dir/build.make:66: CMakeFiles/cmTC_d4809.dir/src.c.o] Erro 1
make[1]: Saindo do diretório '/home/tiago/Documentos/minerar/xmrig/build/CMakeFiles/CMakeTmp'
make: *** [Makefile:121: cmTC_d4809/fast] Erro 2


Source file was:
#include <x86intrin.h>

void function_ssse3(__m128i *dst, const __m128i *a, const __m128i *b)
{
    *dst = _mm_shuffle_epi8(*a, *b);
}

int main(void) { return 0; }

Performing C SOURCE FILE Test FEATURE_xop_NOFLAG failed with the following output:
Change Dir: /home/tiago/Documentos/minerar/xmrig/build/CMakeFiles/CMakeTmp

Run Build Command(s):/usr/bin/make cmTC_1c7cc/fast && /usr/bin/make -f CMakeFiles/cmTC_1c7cc.dir/build.make CMakeFiles/cmTC_1c7cc.dir/build
make[1]: Entrando no diretório '/home/tiago/Documentos/minerar/xmrig/build/CMakeFiles/CMakeTmp'
Building C object CMakeFiles/cmTC_1c7cc.dir/src.c.o
/usr/bin/gcc-7   -Wall -Wno-strict-aliasing -maes -DFEATURE_xop_NOFLAG   -o CMakeFiles/cmTC_1c7cc.dir/src.c.o   -c /home/tiago/Documentos/minerar/xmrig/build/CMakeFiles/CMakeTmp/src.c
In file included from /usr/lib/gcc/x86_64-linux-gnu/7/include/x86intrin.h:54:0,
                 from /home/tiago/Documentos/minerar/xmrig/build/CMakeFiles/CMakeTmp/src.c:1:
/home/tiago/Documentos/minerar/xmrig/build/CMakeFiles/CMakeTmp/src.c: In function ‘function_xop’:
/home/tiago/Documentos/minerar/xmrig/build/CMakeFiles/CMakeTmp/src.c:5:12: error: ‘__builtin_ia32_vprotqi’ needs isa option -m32 -mxop
     *dst = _mm_roti_epi64(*a, b);
            ^
make[1]: *** [CMakeFiles/cmTC_1c7cc.dir/build.make:66: CMakeFiles/cmTC_1c7cc.dir/src.c.o] Erro 1
make[1]: Saindo do diretório '/home/tiago/Documentos/minerar/xmrig/build/CMakeFiles/CMakeTmp'
make: *** [Makefile:121: cmTC_1c7cc/fast] Erro 2


Source file was:
#include <x86intrin.h>

void function_xop(__m128i *dst, const __m128i *a, int b)
{
    *dst = _mm_roti_epi64(*a, b);
}

int main(void) { return 0; }

Performing C SOURCE FILE Test FEATURE_avx2_NOFLAG failed with the following output:
Change Dir: /home/tiago/Documentos/minerar/xmrig/build/CMakeFiles/CMakeTmp

Run Build Command(s):/usr/bin/make cmTC_ca216/fast && /usr/bin/make -f CMakeFiles/cmTC_ca216.dir/build.make CMakeFiles/cmTC_ca216.dir/build
make[1]: Entrando no diretório '/home/tiago/Documentos/minerar/xmrig/build/CMakeFiles/CMakeTmp'
Building C object CMakeFiles/cmTC_ca216.dir/src.c.o
/usr/bin/gcc-7   -Wall -Wno-strict-aliasing -maes -DFEATURE_avx2_NOFLAG   -o CMakeFiles/cmTC_ca216.dir/src.c.o   -c /home/tiago/Documentos/minerar/xmrig/build/CMakeFiles/CMakeTmp/src.c
/home/tiago/Documentos/minerar/xmrig/build/CMakeFiles/CMakeTmp/src.c: In function ‘function_avx2’:
/home/tiago/Documentos/minerar/xmrig/build/CMakeFiles/CMakeTmp/src.c:5:10: warning: AVX vector return without AVX enabled changes the ABI [-Wpsabi]
     *dst = _mm256_xor_si256(*a, *b);
     ~~~~~^~~~~~~~~~~~~~~~~~~~~~~~~~
In file included from /usr/lib/gcc/x86_64-linux-gnu/7/include/immintrin.h:43:0,
                 from /usr/lib/gcc/x86_64-linux-gnu/7/include/x86intrin.h:48,
                 from /home/tiago/Documentos/minerar/xmrig/build/CMakeFiles/CMakeTmp/src.c:1:
/usr/lib/gcc/x86_64-linux-gnu/7/include/avx2intrin.h:913:1: error: inlining failed in call to always_inline ‘_mm256_xor_si256’: target specific option mismatch
 _mm256_xor_si256 (__m256i __A, __m256i __B)
 ^~~~~~~~~~~~~~~~
/home/tiago/Documentos/minerar/xmrig/build/CMakeFiles/CMakeTmp/src.c:5:12: note: called from here
     *dst = _mm256_xor_si256(*a, *b);
            ^~~~~~~~~~~~~~~~~~~~~~~~
make[1]: *** [CMakeFiles/cmTC_ca216.dir/build.make:66: CMakeFiles/cmTC_ca216.dir/src.c.o] Erro 1
make[1]: Saindo do diretório '/home/tiago/Documentos/minerar/xmrig/build/CMakeFiles/CMakeTmp'
make: *** [Makefile:121: cmTC_ca216/fast] Erro 2


Source file was:
#include <x86intrin.h>

void function_avx2(__m256i *dst, const __m256i *a, const __m256i *b)
{
    *dst = _mm256_xor_si256(*a, *b);
}

int main(void) { return 0; }

Performing C SOURCE FILE Test FEATURE_avx512f_NOFLAG failed with the following output:
Change Dir: /home/tiago/Documentos/minerar/xmrig/build/CMakeFiles/CMakeTmp

Run Build Command(s):/usr/bin/make cmTC_7758b/fast && /usr/bin/make -f CMakeFiles/cmTC_7758b.dir/build.make CMakeFiles/cmTC_7758b.dir/build
make[1]: Entrando no diretório '/home/tiago/Documentos/minerar/xmrig/build/CMakeFiles/CMakeTmp'
Building C object CMakeFiles/cmTC_7758b.dir/src.c.o
/usr/bin/gcc-7   -Wall -Wno-strict-aliasing -maes -DFEATURE_avx512f_NOFLAG   -o CMakeFiles/cmTC_7758b.dir/src.c.o   -c /home/tiago/Documentos/minerar/xmrig/build/CMakeFiles/CMakeTmp/src.c
In file included from /usr/lib/gcc/x86_64-linux-gnu/7/include/immintrin.h:45:0,
                 from /usr/lib/gcc/x86_64-linux-gnu/7/include/x86intrin.h:48,
                 from /home/tiago/Documentos/minerar/xmrig/build/CMakeFiles/CMakeTmp/src.c:1:
/home/tiago/Documentos/minerar/xmrig/build/CMakeFiles/CMakeTmp/src.c: In function ‘function_avx512f’:
/usr/lib/gcc/x86_64-linux-gnu/7/include/avx512fintrin.h:154:1: error: inlining failed in call to always_inline ‘_mm512_undefined_epi32’: target specific option mismatch
 _mm512_undefined_epi32 (void)
 ^~~~~~~~~~~~~~~~~~~~~~
/home/tiago/Documentos/minerar/xmrig/build/CMakeFiles/CMakeTmp/src.c:5:12: note: called from here
     *dst = _mm512_ror_epi64(*a, 57);
            ^
make[1]: *** [CMakeFiles/cmTC_7758b.dir/build.make:66: CMakeFiles/cmTC_7758b.dir/src.c.o] Erro 1
make[1]: Saindo do diretório '/home/tiago/Documentos/minerar/xmrig/build/CMakeFiles/CMakeTmp'
make: *** [Makefile:121: cmTC_7758b/fast] Erro 2


Source file was:
#include <x86intrin.h>

void function_avx512f(__m512i *dst, const __m512i *a)
{
    *dst = _mm512_ror_epi64(*a, 57);
}

int main(void) { return 0; }

